# JRE version: OpenJDK Runtime Environment (8.0_202-b03) (build 1.8.0_202-release-1483-b03)
# Java VM: OpenJDK 64-Bit Server VM (25.202-b03 mixed mode windows-amd64 compressed oops)
Heap:
 PSYoungGen      total 456192K, used 896K [0x00000000e0000000, 0x0000000100000000, 0x0000000100000000)
  eden space 417792K, 0% used [0x00000000e0000000,0x00000000e0000000,0x00000000f9800000)
  from space 38400K, 2% used [0x00000000f9800000,0x00000000f98e0000,0x00000000fbd80000)
  to   space 39424K, 0% used [0x00000000fd980000,0x00000000fd980000,0x0000000100000000)
 ParOldGen       total 132096K, used 77726K [0x00000000a0000000, 0x00000000a8100000, 0x00000000e0000000)
  object space 132096K, 58% used [0x00000000a0000000,0x00000000a4be7b48,0x00000000a8100000)
 Metaspace       used 94298K, capacity 98434K, committed 98584K, reserved 1134592K
  class space    used 12132K, capacity 12976K, committed 13096K, reserved 1048576K
GC Heap History (10 events):
Event: 461.493 GC heap after
Heap after GC invocations=24 (full 3):
 PSYoungGen      total 326144K, used 33172K [0x00000000e0000000, 0x00000000fa400000, 0x0000000100000000)
  eden space 289792K, 0% used [0x00000000e0000000,0x00000000e0000000,0x00000000f1b00000)
  from space 36352K, 91% used [0x00000000f1b00000,0x00000000f3b65268,0x00000000f3e80000)
  to   space 40448K, 0% used [0x00000000f7c80000,0x00000000f7c80000,0x00000000fa400000)
 ParOldGen       total 132096K, used 63310K [0x00000000a0000000, 0x00000000a8100000, 0x00000000e0000000)
  object space 132096K, 47% used [0x00000000a0000000,0x00000000a3dd3a00,0x00000000a8100000)
 Metaspace       used 93498K, capacity 97700K, committed 97944K, reserved 1134592K
  class space    used 12065K, capacity 12893K, committed 12968K, reserved 1048576K
}
Event: 462.874 GC heap before
{Heap before GC invocations=25 (full 3):
 PSYoungGen      total 326144K, used 322964K [0x00000000e0000000, 0x00000000fa400000, 0x0000000100000000)
  eden space 289792K, 100% used [0x00000000e0000000,0x00000000f1b00000,0x00000000f1b00000)
  from space 36352K, 91% used [0x00000000f1b00000,0x00000000f3b65268,0x00000000f3e80000)
  to   space 40448K, 0% used [0x00000000f7c80000,0x00000000f7c80000,0x00000000fa400000)
 ParOldGen       total 132096K, used 63310K [0x00000000a0000000, 0x00000000a8100000, 0x00000000e0000000)
  object space 132096K, 47% used [0x00000000a0000000,0x00000000a3dd3a00,0x00000000a8100000)
 Metaspace       used 93635K, capacity 97844K, committed 97944K, reserved 1134592K
  class space    used 12073K, capacity 12895K, committed 12968K, reserved 1048576K
Event: 462.975 GC heap after
Heap after GC invocations=25 (full 3):
 PSYoungGen      total 389632K, used 24057K [0x00000000e0000000, 0x00000000fa980000, 0x0000000100000000)
  eden space 349184K, 0% used [0x00000000e0000000,0x00000000e0000000,0x00000000f5500000)
  from space 40448K, 59% used [0x00000000f7c80000,0x00000000f93fe748,0x00000000fa400000)
  to   space 40448K, 0% used [0x00000000f5500000,0x00000000f5500000,0x00000000f7c80000)
 ParOldGen       total 132096K, used 71562K [0x00000000a0000000, 0x00000000a8100000, 0x00000000e0000000)
  object space 132096K, 54% used [0x00000000a0000000,0x00000000a45e28c0,0x00000000a8100000)
 Metaspace       used 93635K, capacity 97844K, committed 97944K, reserved 1134592K
  class space    used 12073K, capacity 12895K, committed 12968K, reserved 1048576K
}
Event: 464.931 GC heap before
{Heap before GC invocations=26 (full 3):
 PSYoungGen      total 389632K, used 373241K [0x00000000e0000000, 0x00000000fa980000, 0x0000000100000000)
  eden space 349184K, 100% used [0x00000000e0000000,0x00000000f5500000,0x00000000f5500000)
  from space 40448K, 59% used [0x00000000f7c80000,0x00000000f93fe748,0x00000000fa400000)
  to   space 40448K, 0% used [0x00000000f5500000,0x00000000f5500000,0x00000000f7c80000)
 ParOldGen       total 132096K, used 71562K [0x00000000a0000000, 0x00000000a8100000, 0x00000000e0000000)
  object space 132096K, 54% used [0x00000000a0000000,0x00000000a45e28c0,0x00000000a8100000)
 Metaspace       used 93730K, capacity 97936K, committed 98200K, reserved 1134592K
  class space    used 12076K, capacity 12899K, committed 12968K, reserved 1048576K
Event: 464.986 GC heap after
Heap after GC invocations=26 (full 3):
 PSYoungGen      total 389632K, used 20029K [0x00000000e0000000, 0x00000000fe900000, 0x0000000100000000)
  eden space 349184K, 0% used [0x00000000e0000000,0x00000000e0000000,0x00000000f5500000)
  from space 40448K, 49% used [0x00000000f5500000,0x00000000f688f770,0x00000000f7c80000)
  to   space 38400K, 0% used [0x00000000fc380000,0x00000000fc380000,0x00000000fe900000)
 ParOldGen       total 132096K, used 75882K [0x00000000a0000000, 0x00000000a8100000, 0x00000000e0000000)
  object space 132096K, 57% used [0x00000000a0000000,0x00000000a4a1a9d0,0x00000000a8100000)
 Metaspace       used 93730K, capacity 97936K, committed 98200K, reserved 1134592K
  class space    used 12076K, capacity 12899K, committed 12968K, reserved 1048576K
}
Event: 469.086 GC heap before
{Heap before GC invocations=27 (full 3):
 PSYoungGen      total 389632K, used 369213K [0x00000000e0000000, 0x00000000fe900000, 0x0000000100000000)
  eden space 349184K, 100% used [0x00000000e0000000,0x00000000f5500000,0x00000000f5500000)
  from space 40448K, 49% used [0x00000000f5500000,0x00000000f688f770,0x00000000f7c80000)
  to   space 38400K, 0% used [0x00000000fc380000,0x00000000fc380000,0x00000000fe900000)
 ParOldGen       total 132096K, used 75882K [0x00000000a0000000, 0x00000000a8100000, 0x00000000e0000000)
  object space 132096K, 57% used [0x00000000a0000000,0x00000000a4a1a9d0,0x00000000a8100000)
 Metaspace       used 94199K, capacity 98326K, committed 98456K, reserved 1134592K
  class space    used 12122K, capacity 12942K, committed 12968K, reserved 1048576K
Event: 469.145 GC heap after
Heap after GC invocations=27 (full 3):
 PSYoungGen      total 450048K, used 9587K [0x00000000e0000000, 0x00000000fe300000, 0x0000000100000000)
  eden space 417792K, 0% used [0x00000000e0000000,0x00000000e0000000,0x00000000f9800000)
  from space 32256K, 29% used [0x00000000fc380000,0x00000000fccdcc98,0x00000000fe300000)
  to   space 38400K, 0% used [0x00000000f9800000,0x00000000f9800000,0x00000000fbd80000)
 ParOldGen       total 132096K, used 77601K [0x00000000a0000000, 0x00000000a8100000, 0x00000000e0000000)
  object space 132096K, 58% used [0x00000000a0000000,0x00000000a4bc8490,0x00000000a8100000)
 Metaspace       used 94199K, capacity 98326K, committed 98456K, reserved 1134592K
  class space    used 12122K, capacity 12942K, committed 12968K, reserved 1048576K
}
Event: 469.830 GC heap before
{Heap before GC invocations=28 (full 3):
 PSYoungGen      total 450048K, used 78859K [0x00000000e0000000, 0x00000000fe300000, 0x0000000100000000)
  eden space 417792K, 16% used [0x00000000e0000000,0x00000000e43a6358,0x00000000f9800000)
  from space 32256K, 29% used [0x00000000fc380000,0x00000000fccdcc98,0x00000000fe300000)
  to   space 38400K, 0% used [0x00000000f9800000,0x00000000f9800000,0x00000000fbd80000)
 ParOldGen       total 132096K, used 77601K [0x00000000a0000000, 0x00000000a8100000, 0x00000000e0000000)
  object space 132096K, 58% used [0x00000000a0000000,0x00000000a4bc8490,0x00000000a8100000)
 Metaspace       used 94298K, capacity 98434K, committed 98584K, reserved 1134592K
  class space    used 12132K, capacity 12976K, committed 13096K, reserved 1048576K
Event: 469.836 GC heap after
Heap after GC invocations=28 (full 3):
 PSYoungGen      total 456192K, used 896K [0x00000000e0000000, 0x0000000100000000, 0x0000000100000000)
  eden space 417792K, 0% used [0x00000000e0000000,0x00000000e0000000,0x00000000f9800000)
  from space 38400K, 2% used [0x00000000f9800000,0x00000000f98e0000,0x00000000fbd80000)
  to   space 39424K, 0% used [0x00000000fd980000,0x00000000fd980000,0x0000000100000000)
 ParOldGen       total 132096K, used 77726K [0x00000000a0000000, 0x00000000a8100000, 0x00000000e0000000)
  object space 132096K, 58% used [0x00000000a0000000,0x00000000a4be7b48,0x00000000a8100000)
 Metaspace       used 94298K, capacity 98434K, committed 98584K, reserved 1134592K
  class space    used 12132K, capacity 12976K, committed 13096K, reserved 1048576K
}
Event: 469.836 GC heap before
{Heap before GC invocations=29 (full 4):
 PSYoungGen      total 456192K, used 896K [0x00000000e0000000, 0x0000000100000000, 0x0000000100000000)
  eden space 417792K, 0% used [0x00000000e0000000,0x00000000e0000000,0x00000000f9800000)
  from space 38400K, 2% used [0x00000000f9800000,0x00000000f98e0000,0x00000000fbd80000)
  to   space 39424K, 0% used [0x00000000fd980000,0x00000000fd980000,0x0000000100000000)
 ParOldGen       total 132096K, used 77726K [0x00000000a0000000, 0x00000000a8100000, 0x00000000e0000000)
  object space 132096K, 58% used [0x00000000a0000000,0x00000000a4be7b48,0x00000000a8100000)
 Metaspace       used 94298K, capacity 98434K, committed 98584K, reserved 1134592K
  class space    used 12132K, capacity 12976K, committed 13096K, reserved 1048576K

